[  3202.924] (--) Log file renamed from "/home/ethan/.local/share/xorg/Xorg.pid-14545.log" to "/home/ethan/.local/share/xorg/Xorg.0.log"
[  3202.925] 
X.Org X Server 1.21.1.3
X Protocol Version 11, Revision 0
[  3202.925] Current Operating System: Linux dell-inspiron-153511 5.18.3-arch1-1 #1 SMP PREEMPT_DYNAMIC Thu, 09 Jun 2022 16:14:10 +0000 x86_64
[  3202.925] Kernel command line: BOOT_IMAGE=/boot/vmlinuz-linux root=UUID=aaa2e9ed-8628-470f-9d82-0f74a7fc5cf4 rw loglevel=3 quiet
[  3202.925]  
[  3202.925] Current version of pixman: 0.40.0
[  3202.925] 	Before reporting problems, check http://wiki.x.org
	to make sure that you have the latest version.
[  3202.925] Markers: (--) probed, (**) from config file, (==) default setting,
	(++) from command line, (!!) notice, (II) informational,
	(WW) warning, (EE) error, (NI) not implemented, (??) unknown.
[  3202.925] (==) Log file: "/home/ethan/.local/share/xorg/Xorg.0.log", Time: Wed Jun 22 11:51:15 2022
[  3202.925] (==) Using system config directory "/usr/share/X11/xorg.conf.d"
[  3202.925] (==) No Layout section.  Using the first Screen section.
[  3202.925] (==) No screen section available. Using defaults.
[  3202.925] (**) |-->Screen "Default Screen Section" (0)
[  3202.925] (**) |   |-->Monitor "<default monitor>"
[  3202.925] (==) No monitor specified for screen "Default Screen Section".
	Using a default monitor configuration.
[  3202.925] (==) Automatically adding devices
[  3202.925] (==) Automatically enabling devices
[  3202.925] (==) Automatically adding GPU devices
[  3202.925] (==) Automatically binding GPU devices
[  3202.925] (==) Max clients allowed: 256, resource mask: 0x1fffff
[  3202.925] (WW) The directory "/usr/share/fonts/OTF" does not exist.
[  3202.925] 	Entry deleted from font path.
[  3202.925] (WW) The directory "/usr/share/fonts/Type1" does not exist.
[  3202.925] 	Entry deleted from font path.
[  3202.925] (==) FontPath set to:
	/usr/share/fonts/misc,
	/usr/share/fonts/TTF,
	/usr/share/fonts/100dpi,
	/usr/share/fonts/75dpi
[  3202.925] (==) ModulePath set to "/usr/lib/xorg/modules"
[  3202.925] (II) The server relies on udev to provide the list of input devices.
	If no devices become available, reconfigure udev or disable AutoAddDevices.
[  3202.925] (II) Module ABI versions:
[  3202.925] 	X.Org ANSI C Emulation: 0.4
[  3202.925] 	X.Org Video Driver: 25.2
[  3202.925] 	X.Org XInput driver : 24.4
[  3202.925] 	X.Org Server Extension : 10.0
[  3202.926] (++) using VT number 2

[  3202.927] (II) systemd-logind: took control of session /org/freedesktop/login1/session/_344
[  3202.927] (II) xfree86: Adding drm device (/dev/dri/card0)
[  3202.927] (II) Platform probe for /sys/devices/pci0000:00/0000:00:02.0/drm/card0
[  3202.927] (II) systemd-logind: got fd for /dev/dri/card0 226:0 fd 14 paused 0
[  3202.928] (--) PCI:*(0@0:2:0) 8086:9a78:1028:0ab0 rev 1, Mem @ 0x6000000000/16777216, 0x4000000000/268435456, I/O @ 0x00004000/64, BIOS @ 0x????????/131072
[  3202.929] (WW) Open ACPI failed (/var/run/acpid.socket) (No such file or directory)
[  3202.929] (II) LoadModule: "glx"
[  3202.929] (II) Loading /usr/lib/xorg/modules/extensions/libglx.so
[  3202.929] (II) Module glx: vendor="X.Org Foundation"
[  3202.929] 	compiled for 1.21.1.3, module version = 1.0.0
[  3202.929] 	ABI class: X.Org Server Extension, version 10.0
[  3202.929] (==) Matched intel as autoconfigured driver 0
[  3202.929] (==) Matched modesetting as autoconfigured driver 1
[  3202.929] (==) Matched fbdev as autoconfigured driver 2
[  3202.929] (==) Matched vesa as autoconfigured driver 3
[  3202.929] (==) Assigned the driver to the xf86ConfigLayout
[  3202.929] (II) LoadModule: "intel"
[  3202.929] (II) Loading /usr/lib/xorg/modules/drivers/intel_drv.so
[  3202.930] (II) Module intel: vendor="X.Org Foundation"
[  3202.930] 	compiled for 1.21.1.1, module version = 2.99.917
[  3202.930] 	Module class: X.Org Video Driver
[  3202.930] 	ABI class: X.Org Video Driver, version 25.2
[  3202.930] (II) LoadModule: "modesetting"
[  3202.930] (II) Loading /usr/lib/xorg/modules/drivers/modesetting_drv.so
[  3202.930] (II) Module modesetting: vendor="X.Org Foundation"
[  3202.930] 	compiled for 1.21.1.3, module version = 1.21.1
[  3202.930] 	Module class: X.Org Video Driver
[  3202.930] 	ABI class: X.Org Video Driver, version 25.2
[  3202.930] (II) LoadModule: "fbdev"
[  3202.930] (WW) Warning, couldn't open module fbdev
[  3202.930] (EE) Failed to load module "fbdev" (module does not exist, 0)
[  3202.930] (II) LoadModule: "vesa"
[  3202.930] (II) Loading /usr/lib/xorg/modules/drivers/vesa_drv.so
[  3202.930] (II) Module vesa: vendor="X.Org Foundation"
[  3202.930] 	compiled for 1.21.1.1, module version = 2.5.0
[  3202.930] 	Module class: X.Org Video Driver
[  3202.930] 	ABI class: X.Org Video Driver, version 25.2
[  3202.930] (II) intel: Driver for Intel(R) Integrated Graphics Chipsets:
	i810, i810-dc100, i810e, i815, i830M, 845G, 854, 852GM/855GM, 865G,
	915G, E7221 (i915), 915GM, 945G, 945GM, 945GME, Pineview GM,
	Pineview G, 965G, G35, 965Q, 946GZ, 965GM, 965GME/GLE, G33, Q35, Q33,
	GM45, 4 Series, G45/G43, Q45/Q43, G41, B43
[  3202.930] (II) intel: Driver for Intel(R) HD Graphics
[  3202.930] (II) intel: Driver for Intel(R) Iris(TM) Graphics
[  3202.930] (II) intel: Driver for Intel(R) Iris(TM) Pro Graphics
[  3202.930] (II) modesetting: Driver for Modesetting Kernel Drivers: kms
[  3202.930] (II) VESA: driver for VESA chipsets: vesa
[  3202.930] xf86EnableIO: failed to enable I/O ports 0000-03ff (Operation not permitted)
[  3202.930] (II) intel(0): Using Kernel Mode Setting driver: i915, version 1.6.0 20201103
[  3202.930] (II) intel(0): SNA compiled from 2.99.917-916-g31486f40
[  3202.946] (WW) Falling back to old probe method for modesetting
[  3202.946] (WW) VGA arbiter: cannot open kernel arbiter, no multi-card support
[  3202.946] (--) intel(0): Integrated Graphics Chipset: Intel(R) HD Graphics
[  3202.946] (--) intel(0): CPU: x86-64, sse2, sse3, ssse3, sse4.1, sse4.2, avx, avx2; using a maximum of 2 threads
[  3202.946] (II) intel(0): Creating default Display subsection in Screen section
	"Default Screen Section" for depth/fbbpp 24/32
[  3202.946] (==) intel(0): Depth 24, (--) framebuffer bpp 32
[  3202.946] (==) intel(0): RGB weight 888
[  3202.946] (==) intel(0): Default visual is TrueColor
[  3202.948] (II) intel(0): Output eDP1 has no monitor section
[  3202.948] (**) intel(0): Found backlight control interface intel_backlight (type 'raw') for output eDP1
[  3202.948] (II) intel(0): Enabled output eDP1
[  3202.948] (II) intel(0): Output HDMI1 has no monitor section
[  3202.949] (II) intel(0): Enabled output HDMI1
[  3202.949] (--) intel(0): Using a maximum size of 256x256 for hardware cursors
[  3202.949] (II) intel(0): Output VIRTUAL1 has no monitor section
[  3202.949] (II) intel(0): Enabled output VIRTUAL1
[  3202.949] (--) intel(0): Output eDP1 using initial mode 1920x1080 on pipe 0
[  3202.949] (==) intel(0): TearFree enabled
[  3202.949] (==) intel(0): Using gamma correction (1.0, 1.0, 1.0)
[  3202.949] (==) intel(0): DPI set to (96, 96)
[  3202.949] (II) Loading sub module "dri3"
[  3202.949] (II) LoadModule: "dri3"
[  3202.949] (II) Module "dri3" already built-in
[  3202.949] (II) Loading sub module "dri2"
[  3202.949] (II) LoadModule: "dri2"
[  3202.949] (II) Module "dri2" already built-in
[  3202.949] (II) Loading sub module "present"
[  3202.949] (II) LoadModule: "present"
[  3202.949] (II) Module "present" already built-in
[  3202.949] (II) UnloadModule: "modesetting"
[  3202.949] (II) Unloading modesetting
[  3202.949] (II) UnloadModule: "vesa"
[  3202.949] (II) Unloading vesa
[  3202.949] (II) intel(0): SNA initialized with generic backend
[  3202.949] (==) intel(0): Backing store enabled
[  3202.949] (==) intel(0): Silken mouse enabled
[  3202.949] (II) intel(0): HW Cursor enabled
[  3202.950] (==) intel(0): DPMS enabled
[  3202.950] (==) intel(0): Display hotplug detection enabled
[  3202.950] (II) intel(0): Textured video not supported on this hardware or backend
[  3202.950] (II) intel(0): [DRI2] Setup complete
[  3202.950] (II) intel(0): [DRI2]   DRI driver: i965
[  3202.950] (II) intel(0): [DRI2]   VDPAU driver: va_gl
[  3202.950] (II) intel(0): direct rendering: DRI2 DRI3 enabled
[  3202.950] (II) intel(0): hardware support for Present enabled
[  3202.950] (II) Initializing extension Generic Event Extension
[  3202.950] (II) Initializing extension SHAPE
[  3202.950] (II) Initializing extension MIT-SHM
[  3202.950] (II) Initializing extension XInputExtension
[  3202.951] (II) Initializing extension XTEST
[  3202.951] (II) Initializing extension BIG-REQUESTS
[  3202.951] (II) Initializing extension SYNC
[  3202.951] (II) Initializing extension XKEYBOARD
[  3202.951] (II) Initializing extension XC-MISC
[  3202.951] (II) Initializing extension SECURITY
[  3202.951] (II) Initializing extension XFIXES
[  3202.952] (II) Initializing extension RENDER
[  3202.952] (II) Initializing extension RANDR
[  3202.952] (II) Initializing extension COMPOSITE
[  3202.952] (II) Initializing extension DAMAGE
[  3202.952] (II) Initializing extension MIT-SCREEN-SAVER
[  3202.952] (II) Initializing extension DOUBLE-BUFFER
[  3202.953] (II) Initializing extension RECORD
[  3202.953] (II) Initializing extension DPMS
[  3202.953] (II) Initializing extension Present
[  3202.953] (II) Initializing extension DRI3
[  3202.953] (II) Initializing extension X-Resource
[  3202.953] (II) Initializing extension XVideo
[  3202.953] (II) Initializing extension XVideo-MotionCompensation
[  3202.953] (II) Initializing extension GLX
[  3202.953] (EE) AIGLX error: dlopen of /usr/lib/dri/i965_dri.so failed (/usr/lib/dri/i965_dri.so: cannot open shared object file: No such file or directory)
[  3202.953] (EE) AIGLX error: unable to load driver i965
[  3202.968] (II) IGLX: Loaded and initialized swrast
[  3202.968] (II) GLX: Initialized DRISWRAST GL provider for screen 0
[  3202.968] (II) Initializing extension XFree86-VidModeExtension
[  3202.968] (II) Initializing extension XFree86-DGA
[  3202.968] (II) Initializing extension XFree86-DRI
[  3202.968] (II) Initializing extension DRI2
[  3202.970] (II) intel(0): switch to mode 1920x1080@60.0 on eDP1 using pipe 0, position (0, 0), rotation normal, reflection none
[  3202.974] (II) intel(0): Setting screen physical size to 508 x 285
[  3203.017] (II) config/udev: Adding input device Video Bus (/dev/input/event5)
[  3203.017] (**) Video Bus: Applying InputClass "libinput keyboard catchall"
[  3203.017] (II) LoadModule: "libinput"
[  3203.017] (II) Loading /usr/lib/xorg/modules/input/libinput_drv.so
[  3203.018] (II) Module libinput: vendor="X.Org Foundation"
[  3203.018] 	compiled for 1.21.1.3, module version = 1.2.1
[  3203.018] 	Module class: X.Org XInput Driver
[  3203.018] 	ABI class: X.Org XInput driver, version 24.4
[  3203.018] (II) Using input driver 'libinput' for 'Video Bus'
[  3203.032] (II) systemd-logind: got fd for /dev/input/event5 13:69 fd 24 paused 0
[  3203.033] (**) Video Bus: always reports core events
[  3203.033] (**) Option "Device" "/dev/input/event5"
[  3203.034] (II) event5  - Video Bus: is tagged by udev as: Keyboard
[  3203.034] (II) event5  - Video Bus: device is a keyboard
[  3203.034] (II) event5  - Video Bus: device removed
[  3203.034] (**) Option "config_info" "udev:/sys/devices/LNXSYSTM:00/LNXSYBUS:00/PNP0A08:00/LNXVIDEO:00/input/input6/event5"
[  3203.034] (II) XINPUT: Adding extended input device "Video Bus" (type: KEYBOARD, id 6)
[  3203.035] (II) event5  - Video Bus: is tagged by udev as: Keyboard
[  3203.035] (II) event5  - Video Bus: device is a keyboard
[  3203.035] (II) config/udev: Adding input device Power Button (/dev/input/event1)
[  3203.035] (**) Power Button: Applying InputClass "libinput keyboard catchall"
[  3203.035] (II) Using input driver 'libinput' for 'Power Button'
[  3203.036] (II) systemd-logind: got fd for /dev/input/event1 13:65 fd 27 paused 0
[  3203.036] (**) Power Button: always reports core events
[  3203.036] (**) Option "Device" "/dev/input/event1"
[  3203.036] (II) event1  - Power Button: is tagged by udev as: Keyboard
[  3203.036] (II) event1  - Power Button: device is a keyboard
[  3203.036] (II) event1  - Power Button: device removed
[  3203.036] (**) Option "config_info" "udev:/sys/devices/LNXSYSTM:00/LNXSYBUS:00/PNP0C0C:00/input/input1/event1"
[  3203.036] (II) XINPUT: Adding extended input device "Power Button" (type: KEYBOARD, id 7)
[  3203.037] (II) event1  - Power Button: is tagged by udev as: Keyboard
[  3203.037] (II) event1  - Power Button: device is a keyboard
[  3203.037] (II) config/udev: Adding input device Lid Switch (/dev/input/event0)
[  3203.037] (II) No input driver specified, ignoring this device.
[  3203.037] (II) This device may have been added with another device file.
[  3203.038] (II) config/udev: Adding input device USB OPTICAL MOUSE  (/dev/input/event6)
[  3203.038] (**) USB OPTICAL MOUSE : Applying InputClass "libinput pointer catchall"
[  3203.038] (II) Using input driver 'libinput' for 'USB OPTICAL MOUSE '
[  3203.038] (II) systemd-logind: got fd for /dev/input/event6 13:70 fd 28 paused 0
[  3203.038] (**) USB OPTICAL MOUSE : always reports core events
[  3203.038] (**) Option "Device" "/dev/input/event6"
[  3203.039] (II) event6  - USB OPTICAL MOUSE : is tagged by udev as: Mouse
[  3203.039] (II) event6  - USB OPTICAL MOUSE : device is a pointer
[  3203.039] (II) event6  - USB OPTICAL MOUSE : device removed
[  3203.039] (**) Option "config_info" "udev:/sys/devices/pci0000:00/0000:00:14.0/usb1/1-3/1-3:1.0/0003:0101:0007.0001/input/input7/event6"
[  3203.039] (II) XINPUT: Adding extended input device "USB OPTICAL MOUSE " (type: MOUSE, id 8)
[  3203.039] (**) Option "AccelerationScheme" "none"
[  3203.039] (**) USB OPTICAL MOUSE : (accel) selected scheme none/0
[  3203.039] (**) USB OPTICAL MOUSE : (accel) acceleration factor: 2.000
[  3203.039] (**) USB OPTICAL MOUSE : (accel) acceleration threshold: 4
[  3203.040] (II) event6  - USB OPTICAL MOUSE : is tagged by udev as: Mouse
[  3203.040] (II) event6  - USB OPTICAL MOUSE : device is a pointer
[  3203.041] (II) config/udev: Adding input device USB OPTICAL MOUSE  (/dev/input/mouse0)
[  3203.041] (II) No input driver specified, ignoring this device.
[  3203.041] (II) This device may have been added with another device file.
[  3203.041] (II) config/udev: Adding input device Integrated_Webcam_HD: Integrate (/dev/input/event7)
[  3203.041] (**) Integrated_Webcam_HD: Integrate: Applying InputClass "libinput keyboard catchall"
[  3203.041] (II) Using input driver 'libinput' for 'Integrated_Webcam_HD: Integrate'
[  3203.041] (II) systemd-logind: got fd for /dev/input/event7 13:71 fd 29 paused 0
[  3203.041] (**) Integrated_Webcam_HD: Integrate: always reports core events
[  3203.041] (**) Option "Device" "/dev/input/event7"
[  3203.042] (II) event7  - Integrated_Webcam_HD: Integrate: is tagged by udev as: Keyboard
[  3203.042] (II) event7  - Integrated_Webcam_HD: Integrate: device is a keyboard
[  3203.042] (II) event7  - Integrated_Webcam_HD: Integrate: device removed
[  3203.042] (**) Option "config_info" "udev:/sys/devices/pci0000:00/0000:00:14.0/usb1/1-6/1-6:1.0/input/input28/event7"
[  3203.042] (II) XINPUT: Adding extended input device "Integrated_Webcam_HD: Integrate" (type: KEYBOARD, id 9)
[  3203.043] (II) event7  - Integrated_Webcam_HD: Integrate: is tagged by udev as: Keyboard
[  3203.043] (II) event7  - Integrated_Webcam_HD: Integrate: device is a keyboard
[  3203.043] (II) config/udev: Adding input device DELL0AB0:00 27C6:0D43 Mouse (/dev/input/event8)
[  3203.043] (**) DELL0AB0:00 27C6:0D43 Mouse: Applying InputClass "libinput pointer catchall"
[  3203.043] (II) Using input driver 'libinput' for 'DELL0AB0:00 27C6:0D43 Mouse'
[  3203.044] (II) systemd-logind: got fd for /dev/input/event8 13:72 fd 30 paused 0
[  3203.044] (**) DELL0AB0:00 27C6:0D43 Mouse: always reports core events
[  3203.044] (**) Option "Device" "/dev/input/event8"
[  3203.044] (II) event8  - DELL0AB0:00 27C6:0D43 Mouse: is tagged by udev as: Mouse Pointingstick
[  3203.045] (II) event8  - DELL0AB0:00 27C6:0D43 Mouse: device is a pointer
[  3203.045] (II) event8  - DELL0AB0:00 27C6:0D43 Mouse: device removed
[  3203.045] (**) Option "config_info" "udev:/sys/devices/pci0000:00/0000:00:15.1/i2c_designware.1/i2c-2/i2c-DELL0AB0:00/0018:27C6:0D43.0002/input/input29/event8"
[  3203.045] (II) XINPUT: Adding extended input device "DELL0AB0:00 27C6:0D43 Mouse" (type: MOUSE, id 10)
[  3203.045] (**) Option "AccelerationScheme" "none"
[  3203.045] (**) DELL0AB0:00 27C6:0D43 Mouse: (accel) selected scheme none/0
[  3203.045] (**) DELL0AB0:00 27C6:0D43 Mouse: (accel) acceleration factor: 2.000
[  3203.045] (**) DELL0AB0:00 27C6:0D43 Mouse: (accel) acceleration threshold: 4
[  3203.046] (II) event8  - DELL0AB0:00 27C6:0D43 Mouse: is tagged by udev as: Mouse Pointingstick
[  3203.046] (II) event8  - DELL0AB0:00 27C6:0D43 Mouse: device is a pointer
[  3203.046] (II) config/udev: Adding input device DELL0AB0:00 27C6:0D43 Mouse (/dev/input/mouse1)
[  3203.046] (II) No input driver specified, ignoring this device.
[  3203.046] (II) This device may have been added with another device file.
[  3203.046] (II) config/udev: Adding input device DELL0AB0:00 27C6:0D43 Touchpad (/dev/input/event25)
[  3203.046] (**) DELL0AB0:00 27C6:0D43 Touchpad: Applying InputClass "libinput touchpad catchall"
[  3203.046] (II) Using input driver 'libinput' for 'DELL0AB0:00 27C6:0D43 Touchpad'
[  3203.047] (II) systemd-logind: got fd for /dev/input/event25 13:89 fd 31 paused 0
[  3203.047] (**) DELL0AB0:00 27C6:0D43 Touchpad: always reports core events
[  3203.047] (**) Option "Device" "/dev/input/event25"
[  3203.047] (II) event25 - DELL0AB0:00 27C6:0D43 Touchpad: is tagged by udev as: Touchpad
[  3203.048] (II) event25 - DELL0AB0:00 27C6:0D43 Touchpad: device is a touchpad
[  3203.048] (II) event25 - DELL0AB0:00 27C6:0D43 Touchpad: device removed
[  3203.048] (**) Option "config_info" "udev:/sys/devices/pci0000:00/0000:00:15.1/i2c_designware.1/i2c-2/i2c-DELL0AB0:00/0018:27C6:0D43.0002/input/input30/event25"
[  3203.048] (II) XINPUT: Adding extended input device "DELL0AB0:00 27C6:0D43 Touchpad" (type: TOUCHPAD, id 11)
[  3203.049] (**) Option "AccelerationScheme" "none"
[  3203.049] (**) DELL0AB0:00 27C6:0D43 Touchpad: (accel) selected scheme none/0
[  3203.049] (**) DELL0AB0:00 27C6:0D43 Touchpad: (accel) acceleration factor: 2.000
[  3203.049] (**) DELL0AB0:00 27C6:0D43 Touchpad: (accel) acceleration threshold: 4
[  3203.050] (II) event25 - DELL0AB0:00 27C6:0D43 Touchpad: is tagged by udev as: Touchpad
[  3203.050] (II) event25 - DELL0AB0:00 27C6:0D43 Touchpad: device is a touchpad
[  3203.051] (II) config/udev: Adding input device DELL0AB0:00 27C6:0D43 Touchpad (/dev/input/mouse2)
[  3203.051] (II) No input driver specified, ignoring this device.
[  3203.051] (II) This device may have been added with another device file.
[  3203.051] (II) config/udev: Adding input device HDA Intel PCH Headphone Mic (/dev/input/event10)
[  3203.051] (II) No input driver specified, ignoring this device.
[  3203.051] (II) This device may have been added with another device file.
[  3203.051] (II) config/udev: Adding input device HDA Intel PCH HDMI/DP,pcm=3 (/dev/input/event11)
[  3203.051] (II) No input driver specified, ignoring this device.
[  3203.051] (II) This device may have been added with another device file.
[  3203.051] (II) config/udev: Adding input device HDA Intel PCH HDMI/DP,pcm=7 (/dev/input/event12)
[  3203.051] (II) No input driver specified, ignoring this device.
[  3203.051] (II) This device may have been added with another device file.
[  3203.051] (II) config/udev: Adding input device HDA Intel PCH HDMI/DP,pcm=8 (/dev/input/event13)
[  3203.051] (II) No input driver specified, ignoring this device.
[  3203.051] (II) This device may have been added with another device file.
[  3203.052] (II) config/udev: Adding input device HDA Intel PCH HDMI/DP,pcm=9 (/dev/input/event14)
[  3203.052] (II) No input driver specified, ignoring this device.
[  3203.052] (II) This device may have been added with another device file.
[  3203.052] (II) config/udev: Adding input device HDA Intel PCH HDMI/DP,pcm=10 (/dev/input/event15)
[  3203.052] (II) No input driver specified, ignoring this device.
[  3203.052] (II) This device may have been added with another device file.
[  3203.052] (II) config/udev: Adding input device HDA Intel PCH HDMI/DP,pcm=11 (/dev/input/event16)
[  3203.052] (II) No input driver specified, ignoring this device.
[  3203.052] (II) This device may have been added with another device file.
[  3203.052] (II) config/udev: Adding input device HDA Intel PCH HDMI/DP,pcm=12 (/dev/input/event17)
[  3203.052] (II) No input driver specified, ignoring this device.
[  3203.052] (II) This device may have been added with another device file.
[  3203.052] (II) config/udev: Adding input device HDA Intel PCH HDMI/DP,pcm=13 (/dev/input/event18)
[  3203.052] (II) No input driver specified, ignoring this device.
[  3203.052] (II) This device may have been added with another device file.
[  3203.052] (II) config/udev: Adding input device HDA Intel PCH HDMI/DP,pcm=14 (/dev/input/event19)
[  3203.052] (II) No input driver specified, ignoring this device.
[  3203.052] (II) This device may have been added with another device file.
[  3203.053] (II) config/udev: Adding input device HDA Intel PCH HDMI/DP,pcm=15 (/dev/input/event20)
[  3203.053] (II) No input driver specified, ignoring this device.
[  3203.053] (II) This device may have been added with another device file.
[  3203.053] (II) config/udev: Adding input device HDA Intel PCH HDMI/DP,pcm=16 (/dev/input/event21)
[  3203.053] (II) No input driver specified, ignoring this device.
[  3203.053] (II) This device may have been added with another device file.
[  3203.053] (II) config/udev: Adding input device HDA Intel PCH HDMI/DP,pcm=17 (/dev/input/event22)
[  3203.053] (II) No input driver specified, ignoring this device.
[  3203.053] (II) This device may have been added with another device file.
[  3203.053] (II) config/udev: Adding input device Intel HID events (/dev/input/event3)
[  3203.053] (**) Intel HID events: Applying InputClass "libinput keyboard catchall"
[  3203.053] (II) Using input driver 'libinput' for 'Intel HID events'
[  3203.054] (II) systemd-logind: got fd for /dev/input/event3 13:67 fd 32 paused 0
[  3203.054] (**) Intel HID events: always reports core events
[  3203.054] (**) Option "Device" "/dev/input/event3"
[  3203.054] (II) event3  - Intel HID events: is tagged by udev as: Keyboard
[  3203.054] (II) event3  - Intel HID events: device is a keyboard
[  3203.054] (II) event3  - Intel HID events: device removed
[  3203.054] (**) Option "config_info" "udev:/sys/devices/platform/INTC1051:00/input/input4/event3"
[  3203.054] (II) XINPUT: Adding extended input device "Intel HID events" (type: KEYBOARD, id 12)
[  3203.055] (II) event3  - Intel HID events: is tagged by udev as: Keyboard
[  3203.055] (II) event3  - Intel HID events: device is a keyboard
[  3203.055] (II) config/udev: Adding input device Intel HID 5 button array (/dev/input/event4)
[  3203.055] (**) Intel HID 5 button array: Applying InputClass "libinput keyboard catchall"
[  3203.055] (II) Using input driver 'libinput' for 'Intel HID 5 button array'
[  3203.055] (II) systemd-logind: got fd for /dev/input/event4 13:68 fd 33 paused 0
[  3203.055] (**) Intel HID 5 button array: always reports core events
[  3203.055] (**) Option "Device" "/dev/input/event4"
[  3203.056] (II) event4  - Intel HID 5 button array: is tagged by udev as: Keyboard
[  3203.056] (II) event4  - Intel HID 5 button array: device is a keyboard
[  3203.056] (II) event4  - Intel HID 5 button array: device removed
[  3203.056] (**) Option "config_info" "udev:/sys/devices/platform/INTC1051:00/input/input5/event4"
[  3203.056] (II) XINPUT: Adding extended input device "Intel HID 5 button array" (type: KEYBOARD, id 13)
[  3203.057] (II) event4  - Intel HID 5 button array: is tagged by udev as: Keyboard
[  3203.057] (II) event4  - Intel HID 5 button array: device is a keyboard
[  3203.057] (II) config/udev: Adding input device Dell Privacy Driver (/dev/input/event23)
[  3203.057] (**) Dell Privacy Driver: Applying InputClass "libinput keyboard catchall"
[  3203.057] (II) Using input driver 'libinput' for 'Dell Privacy Driver'
[  3203.057] (II) systemd-logind: got fd for /dev/input/event23 13:87 fd 34 paused 0
[  3203.057] (**) Dell Privacy Driver: always reports core events
[  3203.057] (**) Option "Device" "/dev/input/event23"
[  3203.058] (II) event23 - Dell Privacy Driver: is tagged by udev as: Keyboard Switch
[  3203.058] (II) event23 - Dell Privacy Driver: device is a keyboard
[  3203.058] (II) event23 - Dell Privacy Driver: device removed
[  3203.058] (**) Option "config_info" "udev:/sys/devices/platform/PNP0C14:02/wmi_bus/wmi_bus-PNP0C14:02/6932965F-1671-4CEB-B988-D3AB0A901919/input/input26/event23"
[  3203.058] (II) XINPUT: Adding extended input device "Dell Privacy Driver" (type: KEYBOARD, id 14)
[  3203.059] (II) event23 - Dell Privacy Driver: is tagged by udev as: Keyboard Switch
[  3203.059] (II) event23 - Dell Privacy Driver: device is a keyboard
[  3203.060] (II) config/udev: Adding input device Dell WMI hotkeys (/dev/input/event24)
[  3203.060] (**) Dell WMI hotkeys: Applying InputClass "libinput keyboard catchall"
[  3203.060] (II) Using input driver 'libinput' for 'Dell WMI hotkeys'
[  3203.060] (II) systemd-logind: got fd for /dev/input/event24 13:88 fd 35 paused 0
[  3203.060] (**) Dell WMI hotkeys: always reports core events
[  3203.060] (**) Option "Device" "/dev/input/event24"
[  3203.060] (II) event24 - Dell WMI hotkeys: is tagged by udev as: Keyboard
[  3203.060] (II) event24 - Dell WMI hotkeys: device is a keyboard
[  3203.061] (II) event24 - Dell WMI hotkeys: device removed
[  3203.061] (**) Option "config_info" "udev:/sys/devices/platform/PNP0C14:02/wmi_bus/wmi_bus-PNP0C14:02/9DBB5994-A997-11DA-B012-B622A1EF5492/input/input27/event24"
[  3203.061] (II) XINPUT: Adding extended input device "Dell WMI hotkeys" (type: KEYBOARD, id 15)
[  3203.061] (II) event24 - Dell WMI hotkeys: is tagged by udev as: Keyboard
[  3203.061] (II) event24 - Dell WMI hotkeys: device is a keyboard
[  3203.062] (II) config/udev: Adding input device AT Translated Set 2 keyboard (/dev/input/event2)
[  3203.062] (**) AT Translated Set 2 keyboard: Applying InputClass "libinput keyboard catchall"
[  3203.062] (II) Using input driver 'libinput' for 'AT Translated Set 2 keyboard'
[  3203.062] (II) systemd-logind: got fd for /dev/input/event2 13:66 fd 36 paused 0
[  3203.062] (**) AT Translated Set 2 keyboard: always reports core events
[  3203.062] (**) Option "Device" "/dev/input/event2"
[  3203.062] (II) event2  - AT Translated Set 2 keyboard: is tagged by udev as: Keyboard
[  3203.062] (II) event2  - AT Translated Set 2 keyboard: device is a keyboard
[  3203.063] (II) event2  - AT Translated Set 2 keyboard: device removed
[  3203.063] (**) Option "config_info" "udev:/sys/devices/platform/i8042/serio0/input/input2/event2"
[  3203.063] (II) XINPUT: Adding extended input device "AT Translated Set 2 keyboard" (type: KEYBOARD, id 16)
[  3203.064] (II) event2  - AT Translated Set 2 keyboard: is tagged by udev as: Keyboard
[  3203.064] (II) event2  - AT Translated Set 2 keyboard: device is a keyboard
[  3203.064] (II) config/udev: Adding input device PS/2 Generic Mouse (/dev/input/event26)
[  3203.064] (**) PS/2 Generic Mouse: Applying InputClass "libinput pointer catchall"
[  3203.064] (II) Using input driver 'libinput' for 'PS/2 Generic Mouse'
[  3203.069] (II) systemd-logind: got fd for /dev/input/event26 13:90 fd 37 paused 0
[  3203.069] (**) PS/2 Generic Mouse: always reports core events
[  3203.069] (**) Option "Device" "/dev/input/event26"
[  3203.069] (II) event26 - PS/2 Generic Mouse: is tagged by udev as: Mouse
[  3203.069] (II) event26 - PS/2 Generic Mouse: device is a pointer
[  3203.070] (II) event26 - PS/2 Generic Mouse: device removed
[  3203.070] (**) Option "config_info" "udev:/sys/devices/platform/i8042/serio1/input/input11/event26"
[  3203.070] (II) XINPUT: Adding extended input device "PS/2 Generic Mouse" (type: MOUSE, id 17)
[  3203.070] (**) Option "AccelerationScheme" "none"
[  3203.070] (**) PS/2 Generic Mouse: (accel) selected scheme none/0
[  3203.070] (**) PS/2 Generic Mouse: (accel) acceleration factor: 2.000
[  3203.070] (**) PS/2 Generic Mouse: (accel) acceleration threshold: 4
[  3203.070] (II) event26 - PS/2 Generic Mouse: is tagged by udev as: Mouse
[  3203.070] (II) event26 - PS/2 Generic Mouse: device is a pointer
[  3203.071] (II) config/udev: Adding input device PS/2 Generic Mouse (/dev/input/mouse3)
[  3203.071] (II) No input driver specified, ignoring this device.
[  3203.071] (II) This device may have been added with another device file.
[  3203.071] (II) config/udev: Adding input device PC Speaker (/dev/input/event9)
[  3203.071] (II) No input driver specified, ignoring this device.
[  3203.071] (II) This device may have been added with another device file.
[  3204.952] (II) intel(0): EDID vendor "LGD", prod id 1522
[  3204.952] (II) intel(0): Printing DDC gathered Modelines:
[  3204.952] (II) intel(0): Modeline "1920x1080"x0.0  138.60  1920 1968 2000 2080  1080 1083 1088 1111 +hsync -vsync (66.6 kHz eP)
[  3204.952] (II) intel(0): Modeline "1920x1080"x0.0  110.88  1920 1968 2000 2080  1080 1083 1088 1111 +hsync -vsync (53.3 kHz e)
[  3306.198] (II) config/udev: Adding input device Haylou GT3 (AVRCP) (/dev/input/event27)
[  3306.198] (**) Haylou GT3 (AVRCP): Applying InputClass "libinput keyboard catchall"
[  3306.198] (II) Using input driver 'libinput' for 'Haylou GT3 (AVRCP)'
[  3306.201] (II) systemd-logind: got fd for /dev/input/event27 13:91 fd 56 paused 0
[  3306.201] (**) Haylou GT3 (AVRCP): always reports core events
[  3306.201] (**) Option "Device" "/dev/input/event27"
[  3306.202] (II) event27 - Haylou GT3 (AVRCP): is tagged by udev as: Keyboard
[  3306.202] (II) event27 - Haylou GT3 (AVRCP): device is a keyboard
[  3306.202] (II) event27 - Haylou GT3 (AVRCP): device removed
[  3306.202] (**) Option "config_info" "udev:/sys/devices/virtual/input/input32/event27"
[  3306.202] (II) XINPUT: Adding extended input device "Haylou GT3 (AVRCP)" (type: KEYBOARD, id 18)
[  3306.203] (II) event27 - Haylou GT3 (AVRCP): is tagged by udev as: Keyboard
[  3306.203] (II) event27 - Haylou GT3 (AVRCP): device is a keyboard
