[  1427.513] _XSERVTransSocketUNIXCreateListener: ...SocketCreateListener() failed
[  1427.513] _XSERVTransMakeAllCOTSServerListeners: server already running
[  1427.513] (--) Log file renamed from "/home/ethan/.local/share/xorg/Xorg.pid-9670.log" to "/home/ethan/.local/share/xorg/Xorg.1.log"
[  1427.513] 
X.Org X Server 1.21.1.3
X Protocol Version 11, Revision 0
[  1427.513] Current Operating System: Linux dell-inspiron-153511 5.18.3-arch1-1 #1 SMP PREEMPT_DYNAMIC Thu, 09 Jun 2022 16:14:10 +0000 x86_64
[  1427.513] Kernel command line: BOOT_IMAGE=/boot/vmlinuz-linux root=UUID=aaa2e9ed-8628-470f-9d82-0f74a7fc5cf4 rw loglevel=3 quiet
[  1427.513]  
[  1427.513] Current version of pixman: 0.40.0
[  1427.513] 	Before reporting problems, check http://wiki.x.org
	to make sure that you have the latest version.
[  1427.513] Markers: (--) probed, (**) from config file, (==) default setting,
	(++) from command line, (!!) notice, (II) informational,
	(WW) warning, (EE) error, (NI) not implemented, (??) unknown.
[  1427.513] (==) Log file: "/home/ethan/.local/share/xorg/Xorg.1.log", Time: Tue Jun 21 10:04:09 2022
[  1427.513] (==) Using system config directory "/usr/share/X11/xorg.conf.d"
[  1427.513] (==) No Layout section.  Using the first Screen section.
[  1427.513] (==) No screen section available. Using defaults.
[  1427.513] (**) |-->Screen "Default Screen Section" (0)
[  1427.513] (**) |   |-->Monitor "<default monitor>"
[  1427.514] (==) No monitor specified for screen "Default Screen Section".
	Using a default monitor configuration.
[  1427.514] (==) Automatically adding devices
[  1427.514] (==) Automatically enabling devices
[  1427.514] (==) Automatically adding GPU devices
[  1427.514] (==) Automatically binding GPU devices
[  1427.514] (==) Max clients allowed: 256, resource mask: 0x1fffff
[  1427.514] (WW) The directory "/usr/share/fonts/OTF" does not exist.
[  1427.514] 	Entry deleted from font path.
[  1427.514] (WW) The directory "/usr/share/fonts/Type1" does not exist.
[  1427.514] 	Entry deleted from font path.
[  1427.514] (==) FontPath set to:
	/usr/share/fonts/misc,
	/usr/share/fonts/TTF,
	/usr/share/fonts/100dpi,
	/usr/share/fonts/75dpi
[  1427.514] (==) ModulePath set to "/usr/lib/xorg/modules"
[  1427.514] (II) The server relies on udev to provide the list of input devices.
	If no devices become available, reconfigure udev or disable AutoAddDevices.
[  1427.514] (II) Module ABI versions:
[  1427.514] 	X.Org ANSI C Emulation: 0.4
[  1427.514] 	X.Org Video Driver: 25.2
[  1427.514] 	X.Org XInput driver : 24.4
[  1427.514] 	X.Org Server Extension : 10.0
[  1427.514] (++) using VT number 2

[  1427.515] (II) systemd-logind: took control of session /org/freedesktop/login1/session/_323
[  1427.515] (II) xfree86: Adding drm device (/dev/dri/card0)
[  1427.515] (II) Platform probe for /sys/devices/pci0000:00/0000:00:02.0/drm/card0
[  1427.515] (II) systemd-logind: got fd for /dev/dri/card0 226:0 fd 15 paused 0
[  1427.516] (--) PCI:*(0@0:2:0) 8086:9a78:1028:0ab0 rev 1, Mem @ 0x6000000000/16777216, 0x4000000000/268435456, I/O @ 0x00004000/64, BIOS @ 0x????????/131072
[  1427.516] (WW) Open ACPI failed (/var/run/acpid.socket) (No such file or directory)
[  1427.516] (II) LoadModule: "glx"
[  1427.516] (II) Loading /usr/lib/xorg/modules/extensions/libglx.so
[  1427.517] (II) Module glx: vendor="X.Org Foundation"
[  1427.517] 	compiled for 1.21.1.3, module version = 1.0.0
[  1427.517] 	ABI class: X.Org Server Extension, version 10.0
[  1427.517] (==) Matched intel as autoconfigured driver 0
[  1427.517] (==) Matched modesetting as autoconfigured driver 1
[  1427.517] (==) Matched fbdev as autoconfigured driver 2
[  1427.517] (==) Matched vesa as autoconfigured driver 3
[  1427.517] (==) Assigned the driver to the xf86ConfigLayout
[  1427.517] (II) LoadModule: "intel"
[  1427.517] (II) Loading /usr/lib/xorg/modules/drivers/intel_drv.so
[  1427.518] (II) Module intel: vendor="X.Org Foundation"
[  1427.518] 	compiled for 1.21.1.1, module version = 2.99.917
[  1427.518] 	Module class: X.Org Video Driver
[  1427.518] 	ABI class: X.Org Video Driver, version 25.2
[  1427.518] (II) LoadModule: "modesetting"
[  1427.518] (II) Loading /usr/lib/xorg/modules/drivers/modesetting_drv.so
[  1427.518] (II) Module modesetting: vendor="X.Org Foundation"
[  1427.518] 	compiled for 1.21.1.3, module version = 1.21.1
[  1427.518] 	Module class: X.Org Video Driver
[  1427.518] 	ABI class: X.Org Video Driver, version 25.2
[  1427.518] (II) LoadModule: "fbdev"
[  1427.518] (WW) Warning, couldn't open module fbdev
[  1427.518] (EE) Failed to load module "fbdev" (module does not exist, 0)
[  1427.518] (II) LoadModule: "vesa"
[  1427.518] (II) Loading /usr/lib/xorg/modules/drivers/vesa_drv.so
[  1427.518] (II) Module vesa: vendor="X.Org Foundation"
[  1427.518] 	compiled for 1.21.1.1, module version = 2.5.0
[  1427.518] 	Module class: X.Org Video Driver
[  1427.518] 	ABI class: X.Org Video Driver, version 25.2
[  1427.518] (II) intel: Driver for Intel(R) Integrated Graphics Chipsets:
	i810, i810-dc100, i810e, i815, i830M, 845G, 854, 852GM/855GM, 865G,
	915G, E7221 (i915), 915GM, 945G, 945GM, 945GME, Pineview GM,
	Pineview G, 965G, G35, 965Q, 946GZ, 965GM, 965GME/GLE, G33, Q35, Q33,
	GM45, 4 Series, G45/G43, Q45/Q43, G41, B43
[  1427.518] (II) intel: Driver for Intel(R) HD Graphics
[  1427.518] (II) intel: Driver for Intel(R) Iris(TM) Graphics
[  1427.518] (II) intel: Driver for Intel(R) Iris(TM) Pro Graphics
[  1427.518] (II) modesetting: Driver for Modesetting Kernel Drivers: kms
[  1427.518] (II) VESA: driver for VESA chipsets: vesa
[  1427.518] xf86EnableIO: failed to enable I/O ports 0000-03ff (Operation not permitted)
[  1427.518] (II) intel(0): Using Kernel Mode Setting driver: i915, version 1.6.0 20201103
[  1427.518] (II) intel(0): SNA compiled from 2.99.917-916-g31486f40
[  1427.534] (WW) Falling back to old probe method for modesetting
[  1427.534] (WW) VGA arbiter: cannot open kernel arbiter, no multi-card support
[  1427.534] (--) intel(0): Integrated Graphics Chipset: Intel(R) HD Graphics
[  1427.534] (--) intel(0): CPU: x86-64, sse2, sse3, ssse3, sse4.1, sse4.2, avx, avx2; using a maximum of 2 threads
[  1427.534] (II) intel(0): Creating default Display subsection in Screen section
	"Default Screen Section" for depth/fbbpp 24/32
[  1427.534] (==) intel(0): Depth 24, (--) framebuffer bpp 32
[  1427.534] (==) intel(0): RGB weight 888
[  1427.534] (==) intel(0): Default visual is TrueColor
[  1427.535] (II) intel(0): Output eDP1 has no monitor section
[  1427.535] (**) intel(0): Found backlight control interface intel_backlight (type 'raw') for output eDP1
[  1427.536] (II) intel(0): Enabled output eDP1
[  1427.536] (II) intel(0): Output HDMI1 has no monitor section
[  1427.536] (II) intel(0): Enabled output HDMI1
[  1427.536] (--) intel(0): Using a maximum size of 256x256 for hardware cursors
[  1427.536] (II) intel(0): Output VIRTUAL1 has no monitor section
[  1427.536] (II) intel(0): Enabled output VIRTUAL1
[  1427.536] (--) intel(0): Output eDP1 using initial mode 1920x1080 on pipe 0
[  1427.536] (==) intel(0): TearFree enabled
[  1427.536] (==) intel(0): Using gamma correction (1.0, 1.0, 1.0)
[  1427.536] (==) intel(0): DPI set to (96, 96)
[  1427.536] (II) Loading sub module "dri3"
[  1427.536] (II) LoadModule: "dri3"
[  1427.536] (II) Module "dri3" already built-in
[  1427.536] (II) Loading sub module "dri2"
[  1427.536] (II) LoadModule: "dri2"
[  1427.536] (II) Module "dri2" already built-in
[  1427.536] (II) Loading sub module "present"
[  1427.536] (II) LoadModule: "present"
[  1427.536] (II) Module "present" already built-in
[  1427.536] (II) UnloadModule: "modesetting"
[  1427.536] (II) Unloading modesetting
[  1427.536] (II) UnloadModule: "vesa"
[  1427.536] (II) Unloading vesa
[  1427.536] (II) intel(0): SNA initialized with generic backend
[  1427.536] (==) intel(0): Backing store enabled
[  1427.536] (==) intel(0): Silken mouse enabled
[  1427.536] (II) intel(0): HW Cursor enabled
[  1427.536] (==) intel(0): DPMS enabled
[  1427.536] (==) intel(0): Display hotplug detection enabled
[  1427.536] (II) intel(0): Textured video not supported on this hardware or backend
[  1427.536] (II) intel(0): [DRI2] Setup complete
[  1427.536] (II) intel(0): [DRI2]   DRI driver: i965
[  1427.536] (II) intel(0): [DRI2]   VDPAU driver: va_gl
[  1427.537] (II) intel(0): direct rendering: DRI2 DRI3 enabled
[  1427.537] (II) intel(0): hardware support for Present enabled
[  1427.537] (II) Initializing extension Generic Event Extension
[  1427.537] (II) Initializing extension SHAPE
[  1427.537] (II) Initializing extension MIT-SHM
[  1427.537] (II) Initializing extension XInputExtension
[  1427.537] (II) Initializing extension XTEST
[  1427.538] (II) Initializing extension BIG-REQUESTS
[  1427.538] (II) Initializing extension SYNC
[  1427.538] (II) Initializing extension XKEYBOARD
[  1427.538] (II) Initializing extension XC-MISC
[  1427.538] (II) Initializing extension SECURITY
[  1427.538] (II) Initializing extension XFIXES
[  1427.539] (II) Initializing extension RENDER
[  1427.539] (II) Initializing extension RANDR
[  1427.539] (II) Initializing extension COMPOSITE
[  1427.539] (II) Initializing extension DAMAGE
[  1427.539] (II) Initializing extension MIT-SCREEN-SAVER
[  1427.539] (II) Initializing extension DOUBLE-BUFFER
[  1427.539] (II) Initializing extension RECORD
[  1427.539] (II) Initializing extension DPMS
[  1427.539] (II) Initializing extension Present
[  1427.539] (II) Initializing extension DRI3
[  1427.539] (II) Initializing extension X-Resource
[  1427.539] (II) Initializing extension XVideo
[  1427.539] (II) Initializing extension XVideo-MotionCompensation
[  1427.539] (II) Initializing extension GLX
[  1427.539] (EE) AIGLX error: dlopen of /usr/lib/dri/i965_dri.so failed (/usr/lib/dri/i965_dri.so: cannot open shared object file: No such file or directory)
[  1427.539] (EE) AIGLX error: unable to load driver i965
[  1427.554] (II) IGLX: Loaded and initialized swrast
[  1427.555] (II) GLX: Initialized DRISWRAST GL provider for screen 0
[  1427.555] (II) Initializing extension XFree86-VidModeExtension
[  1427.555] (II) Initializing extension XFree86-DGA
[  1427.555] (II) Initializing extension XFree86-DRI
[  1427.555] (II) Initializing extension DRI2
[  1427.556] (II) intel(0): switch to mode 1920x1080@60.0 on eDP1 using pipe 0, position (0, 0), rotation normal, reflection none
[  1427.561] (II) intel(0): Setting screen physical size to 508 x 285
[  1427.601] (II) config/udev: Adding input device Video Bus (/dev/input/event5)
[  1427.601] (**) Video Bus: Applying InputClass "libinput keyboard catchall"
[  1427.601] (II) LoadModule: "libinput"
[  1427.601] (II) Loading /usr/lib/xorg/modules/input/libinput_drv.so
[  1427.602] (II) Module libinput: vendor="X.Org Foundation"
[  1427.602] 	compiled for 1.21.1.3, module version = 1.2.1
[  1427.602] 	Module class: X.Org XInput Driver
[  1427.602] 	ABI class: X.Org XInput driver, version 24.4
[  1427.602] (II) Using input driver 'libinput' for 'Video Bus'
[  1427.603] (II) systemd-logind: got fd for /dev/input/event5 13:69 fd 25 paused 0
[  1427.603] (**) Video Bus: always reports core events
[  1427.603] (**) Option "Device" "/dev/input/event5"
[  1427.604] (II) event5  - Video Bus: is tagged by udev as: Keyboard
[  1427.604] (II) event5  - Video Bus: device is a keyboard
[  1427.604] (II) event5  - Video Bus: device removed
[  1427.604] (**) Option "config_info" "udev:/sys/devices/LNXSYSTM:00/LNXSYBUS:00/PNP0A08:00/LNXVIDEO:00/input/input25/event5"
[  1427.604] (II) XINPUT: Adding extended input device "Video Bus" (type: KEYBOARD, id 6)
[  1427.604] (II) event5  - Video Bus: is tagged by udev as: Keyboard
[  1427.604] (II) event5  - Video Bus: device is a keyboard
[  1427.605] (II) config/udev: Adding input device Power Button (/dev/input/event1)
[  1427.605] (**) Power Button: Applying InputClass "libinput keyboard catchall"
[  1427.605] (II) Using input driver 'libinput' for 'Power Button'
[  1427.605] (II) systemd-logind: got fd for /dev/input/event1 13:65 fd 28 paused 0
[  1427.605] (**) Power Button: always reports core events
[  1427.605] (**) Option "Device" "/dev/input/event1"
[  1427.605] (II) event1  - Power Button: is tagged by udev as: Keyboard
[  1427.605] (II) event1  - Power Button: device is a keyboard
[  1427.605] (II) event1  - Power Button: device removed
[  1427.605] (**) Option "config_info" "udev:/sys/devices/LNXSYSTM:00/LNXSYBUS:00/PNP0C0C:00/input/input1/event1"
[  1427.605] (II) XINPUT: Adding extended input device "Power Button" (type: KEYBOARD, id 7)
[  1427.606] (II) event1  - Power Button: is tagged by udev as: Keyboard
[  1427.606] (II) event1  - Power Button: device is a keyboard
[  1427.606] (II) config/udev: Adding input device Lid Switch (/dev/input/event0)
[  1427.606] (II) No input driver specified, ignoring this device.
[  1427.606] (II) This device may have been added with another device file.
[  1427.608] (II) config/udev: Adding input device USB OPTICAL MOUSE  (/dev/input/event8)
[  1427.608] (**) USB OPTICAL MOUSE : Applying InputClass "libinput pointer catchall"
[  1427.608] (II) Using input driver 'libinput' for 'USB OPTICAL MOUSE '
[  1427.608] (II) systemd-logind: got fd for /dev/input/event8 13:72 fd 29 paused 0
[  1427.608] (**) USB OPTICAL MOUSE : always reports core events
[  1427.608] (**) Option "Device" "/dev/input/event8"
[  1427.609] (II) event8  - USB OPTICAL MOUSE : is tagged by udev as: Mouse
[  1427.609] (II) event8  - USB OPTICAL MOUSE : device is a pointer
[  1427.609] (II) event8  - USB OPTICAL MOUSE : device removed
[  1427.609] (**) Option "config_info" "udev:/sys/devices/pci0000:00/0000:00:14.0/usb1/1-3/1-3:1.0/0003:0101:0007.0002/input/input29/event8"
[  1427.609] (II) XINPUT: Adding extended input device "USB OPTICAL MOUSE " (type: MOUSE, id 8)
[  1427.609] (**) Option "AccelerationScheme" "none"
[  1427.609] (**) USB OPTICAL MOUSE : (accel) selected scheme none/0
[  1427.609] (**) USB OPTICAL MOUSE : (accel) acceleration factor: 2.000
[  1427.609] (**) USB OPTICAL MOUSE : (accel) acceleration threshold: 4
[  1427.610] (II) event8  - USB OPTICAL MOUSE : is tagged by udev as: Mouse
[  1427.610] (II) event8  - USB OPTICAL MOUSE : device is a pointer
[  1427.610] (II) config/udev: Adding input device USB OPTICAL MOUSE  (/dev/input/mouse0)
[  1427.610] (II) No input driver specified, ignoring this device.
[  1427.610] (II) This device may have been added with another device file.
[  1427.610] (II) config/udev: Adding input device Integrated_Webcam_HD: Integrate (/dev/input/event10)
[  1427.610] (**) Integrated_Webcam_HD: Integrate: Applying InputClass "libinput keyboard catchall"
[  1427.610] (II) Using input driver 'libinput' for 'Integrated_Webcam_HD: Integrate'
[  1427.611] (II) systemd-logind: got fd for /dev/input/event10 13:74 fd 30 paused 0
[  1427.611] (**) Integrated_Webcam_HD: Integrate: always reports core events
[  1427.611] (**) Option "Device" "/dev/input/event10"
[  1427.611] (II) event10 - Integrated_Webcam_HD: Integrate: is tagged by udev as: Keyboard
[  1427.612] (II) event10 - Integrated_Webcam_HD: Integrate: device is a keyboard
[  1427.612] (II) event10 - Integrated_Webcam_HD: Integrate: device removed
[  1427.612] (**) Option "config_info" "udev:/sys/devices/pci0000:00/0000:00:14.0/usb1/1-6/1-6:1.0/input/input35/event10"
[  1427.612] (II) XINPUT: Adding extended input device "Integrated_Webcam_HD: Integrate" (type: KEYBOARD, id 9)
[  1427.612] (II) event10 - Integrated_Webcam_HD: Integrate: is tagged by udev as: Keyboard
[  1427.612] (II) event10 - Integrated_Webcam_HD: Integrate: device is a keyboard
[  1427.613] (II) config/udev: Adding input device DELL0AB0:00 27C6:0D43 Mouse (/dev/input/event6)
[  1427.613] (**) DELL0AB0:00 27C6:0D43 Mouse: Applying InputClass "libinput pointer catchall"
[  1427.613] (II) Using input driver 'libinput' for 'DELL0AB0:00 27C6:0D43 Mouse'
[  1427.613] (II) systemd-logind: got fd for /dev/input/event6 13:70 fd 31 paused 0
[  1427.613] (**) DELL0AB0:00 27C6:0D43 Mouse: always reports core events
[  1427.613] (**) Option "Device" "/dev/input/event6"
[  1427.614] (II) event6  - DELL0AB0:00 27C6:0D43 Mouse: is tagged by udev as: Mouse Pointingstick
[  1427.614] (II) event6  - DELL0AB0:00 27C6:0D43 Mouse: device is a pointer
[  1427.615] (II) event6  - DELL0AB0:00 27C6:0D43 Mouse: device removed
[  1427.615] (**) Option "config_info" "udev:/sys/devices/pci0000:00/0000:00:15.1/i2c_designware.1/i2c-1/i2c-DELL0AB0:00/0018:27C6:0D43.0001/input/input32/event6"
[  1427.615] (II) XINPUT: Adding extended input device "DELL0AB0:00 27C6:0D43 Mouse" (type: MOUSE, id 10)
[  1427.615] (**) Option "AccelerationScheme" "none"
[  1427.615] (**) DELL0AB0:00 27C6:0D43 Mouse: (accel) selected scheme none/0
[  1427.615] (**) DELL0AB0:00 27C6:0D43 Mouse: (accel) acceleration factor: 2.000
[  1427.615] (**) DELL0AB0:00 27C6:0D43 Mouse: (accel) acceleration threshold: 4
[  1427.616] (II) event6  - DELL0AB0:00 27C6:0D43 Mouse: is tagged by udev as: Mouse Pointingstick
[  1427.616] (II) event6  - DELL0AB0:00 27C6:0D43 Mouse: device is a pointer
[  1427.617] (II) config/udev: Adding input device DELL0AB0:00 27C6:0D43 Mouse (/dev/input/mouse1)
[  1427.617] (II) No input driver specified, ignoring this device.
[  1427.617] (II) This device may have been added with another device file.
[  1427.617] (II) config/udev: Adding input device DELL0AB0:00 27C6:0D43 Touchpad (/dev/input/event7)
[  1427.617] (**) DELL0AB0:00 27C6:0D43 Touchpad: Applying InputClass "libinput touchpad catchall"
[  1427.617] (II) Using input driver 'libinput' for 'DELL0AB0:00 27C6:0D43 Touchpad'
[  1427.617] (II) systemd-logind: got fd for /dev/input/event7 13:71 fd 32 paused 0
[  1427.617] (**) DELL0AB0:00 27C6:0D43 Touchpad: always reports core events
[  1427.617] (**) Option "Device" "/dev/input/event7"
[  1427.618] (II) event7  - DELL0AB0:00 27C6:0D43 Touchpad: is tagged by udev as: Touchpad
[  1427.619] (II) event7  - DELL0AB0:00 27C6:0D43 Touchpad: device is a touchpad
[  1427.619] (II) event7  - DELL0AB0:00 27C6:0D43 Touchpad: device removed
[  1427.619] (**) Option "config_info" "udev:/sys/devices/pci0000:00/0000:00:15.1/i2c_designware.1/i2c-1/i2c-DELL0AB0:00/0018:27C6:0D43.0001/input/input33/event7"
[  1427.619] (II) XINPUT: Adding extended input device "DELL0AB0:00 27C6:0D43 Touchpad" (type: TOUCHPAD, id 11)
[  1427.620] (**) Option "AccelerationScheme" "none"
[  1427.620] (**) DELL0AB0:00 27C6:0D43 Touchpad: (accel) selected scheme none/0
[  1427.620] (**) DELL0AB0:00 27C6:0D43 Touchpad: (accel) acceleration factor: 2.000
[  1427.620] (**) DELL0AB0:00 27C6:0D43 Touchpad: (accel) acceleration threshold: 4
[  1427.620] (II) event7  - DELL0AB0:00 27C6:0D43 Touchpad: is tagged by udev as: Touchpad
[  1427.621] (II) event7  - DELL0AB0:00 27C6:0D43 Touchpad: device is a touchpad
[  1427.621] (II) config/udev: Adding input device DELL0AB0:00 27C6:0D43 Touchpad (/dev/input/mouse2)
[  1427.621] (II) No input driver specified, ignoring this device.
[  1427.621] (II) This device may have been added with another device file.
[  1427.622] (II) config/udev: Adding input device HDA Intel PCH Headphone Mic (/dev/input/event13)
[  1427.622] (II) No input driver specified, ignoring this device.
[  1427.622] (II) This device may have been added with another device file.
[  1427.622] (II) config/udev: Adding input device HDA Intel PCH HDMI/DP,pcm=3 (/dev/input/event14)
[  1427.622] (II) No input driver specified, ignoring this device.
[  1427.622] (II) This device may have been added with another device file.
[  1427.622] (II) config/udev: Adding input device HDA Intel PCH HDMI/DP,pcm=7 (/dev/input/event15)
[  1427.622] (II) No input driver specified, ignoring this device.
[  1427.622] (II) This device may have been added with another device file.
[  1427.622] (II) config/udev: Adding input device HDA Intel PCH HDMI/DP,pcm=8 (/dev/input/event16)
[  1427.622] (II) No input driver specified, ignoring this device.
[  1427.622] (II) This device may have been added with another device file.
[  1427.622] (II) config/udev: Adding input device HDA Intel PCH HDMI/DP,pcm=9 (/dev/input/event17)
[  1427.622] (II) No input driver specified, ignoring this device.
[  1427.623] (II) This device may have been added with another device file.
[  1427.623] (II) config/udev: Adding input device HDA Intel PCH HDMI/DP,pcm=10 (/dev/input/event18)
[  1427.623] (II) No input driver specified, ignoring this device.
[  1427.623] (II) This device may have been added with another device file.
[  1427.623] (II) config/udev: Adding input device HDA Intel PCH HDMI/DP,pcm=11 (/dev/input/event19)
[  1427.623] (II) No input driver specified, ignoring this device.
[  1427.623] (II) This device may have been added with another device file.
[  1427.623] (II) config/udev: Adding input device HDA Intel PCH HDMI/DP,pcm=12 (/dev/input/event20)
[  1427.623] (II) No input driver specified, ignoring this device.
[  1427.623] (II) This device may have been added with another device file.
[  1427.624] (II) config/udev: Adding input device HDA Intel PCH HDMI/DP,pcm=13 (/dev/input/event21)
[  1427.624] (II) No input driver specified, ignoring this device.
[  1427.624] (II) This device may have been added with another device file.
[  1427.624] (II) config/udev: Adding input device HDA Intel PCH HDMI/DP,pcm=14 (/dev/input/event22)
[  1427.624] (II) No input driver specified, ignoring this device.
[  1427.624] (II) This device may have been added with another device file.
[  1427.624] (II) config/udev: Adding input device HDA Intel PCH HDMI/DP,pcm=15 (/dev/input/event23)
[  1427.624] (II) No input driver specified, ignoring this device.
[  1427.624] (II) This device may have been added with another device file.
[  1427.624] (II) config/udev: Adding input device HDA Intel PCH HDMI/DP,pcm=16 (/dev/input/event24)
[  1427.624] (II) No input driver specified, ignoring this device.
[  1427.624] (II) This device may have been added with another device file.
[  1427.624] (II) config/udev: Adding input device HDA Intel PCH HDMI/DP,pcm=17 (/dev/input/event25)
[  1427.624] (II) No input driver specified, ignoring this device.
[  1427.624] (II) This device may have been added with another device file.
[  1427.624] (II) config/udev: Adding input device Intel HID events (/dev/input/event3)
[  1427.624] (**) Intel HID events: Applying InputClass "libinput keyboard catchall"
[  1427.624] (II) Using input driver 'libinput' for 'Intel HID events'
[  1427.625] (II) systemd-logind: got fd for /dev/input/event3 13:67 fd 33 paused 0
[  1427.625] (**) Intel HID events: always reports core events
[  1427.625] (**) Option "Device" "/dev/input/event3"
[  1427.625] (II) event3  - Intel HID events: is tagged by udev as: Keyboard
[  1427.625] (II) event3  - Intel HID events: device is a keyboard
[  1427.625] (II) event3  - Intel HID events: device removed
[  1427.625] (**) Option "config_info" "udev:/sys/devices/platform/INTC1051:00/input/input23/event3"
[  1427.625] (II) XINPUT: Adding extended input device "Intel HID events" (type: KEYBOARD, id 12)
[  1427.626] (II) event3  - Intel HID events: is tagged by udev as: Keyboard
[  1427.626] (II) event3  - Intel HID events: device is a keyboard
[  1427.626] (II) config/udev: Adding input device Intel HID 5 button array (/dev/input/event4)
[  1427.626] (**) Intel HID 5 button array: Applying InputClass "libinput keyboard catchall"
[  1427.626] (II) Using input driver 'libinput' for 'Intel HID 5 button array'
[  1427.627] (II) systemd-logind: got fd for /dev/input/event4 13:68 fd 34 paused 0
[  1427.627] (**) Intel HID 5 button array: always reports core events
[  1427.627] (**) Option "Device" "/dev/input/event4"
[  1427.627] (II) event4  - Intel HID 5 button array: is tagged by udev as: Keyboard
[  1427.627] (II) event4  - Intel HID 5 button array: device is a keyboard
[  1427.627] (II) event4  - Intel HID 5 button array: device removed
[  1427.627] (**) Option "config_info" "udev:/sys/devices/platform/INTC1051:00/input/input24/event4"
[  1427.627] (II) XINPUT: Adding extended input device "Intel HID 5 button array" (type: KEYBOARD, id 13)
[  1427.628] (II) event4  - Intel HID 5 button array: is tagged by udev as: Keyboard
[  1427.628] (II) event4  - Intel HID 5 button array: device is a keyboard
[  1427.628] (II) config/udev: Adding input device Dell Privacy Driver (/dev/input/event11)
[  1427.628] (**) Dell Privacy Driver: Applying InputClass "libinput keyboard catchall"
[  1427.628] (II) Using input driver 'libinput' for 'Dell Privacy Driver'
[  1427.629] (II) systemd-logind: got fd for /dev/input/event11 13:75 fd 35 paused 0
[  1427.629] (**) Dell Privacy Driver: always reports core events
[  1427.629] (**) Option "Device" "/dev/input/event11"
[  1427.629] (II) event11 - Dell Privacy Driver: is tagged by udev as: Keyboard Switch
[  1427.629] (II) event11 - Dell Privacy Driver: device is a keyboard
[  1427.629] (II) event11 - Dell Privacy Driver: device removed
[  1427.629] (**) Option "config_info" "udev:/sys/devices/platform/PNP0C14:02/wmi_bus/wmi_bus-PNP0C14:02/6932965F-1671-4CEB-B988-D3AB0A901919/input/input36/event11"
[  1427.629] (II) XINPUT: Adding extended input device "Dell Privacy Driver" (type: KEYBOARD, id 14)
[  1427.631] (II) event11 - Dell Privacy Driver: is tagged by udev as: Keyboard Switch
[  1427.631] (II) event11 - Dell Privacy Driver: device is a keyboard
[  1427.632] (II) config/udev: Adding input device Dell WMI hotkeys (/dev/input/event12)
[  1427.632] (**) Dell WMI hotkeys: Applying InputClass "libinput keyboard catchall"
[  1427.632] (II) Using input driver 'libinput' for 'Dell WMI hotkeys'
[  1427.632] (II) systemd-logind: got fd for /dev/input/event12 13:76 fd 36 paused 0
[  1427.632] (**) Dell WMI hotkeys: always reports core events
[  1427.632] (**) Option "Device" "/dev/input/event12"
[  1427.633] (II) event12 - Dell WMI hotkeys: is tagged by udev as: Keyboard
[  1427.633] (II) event12 - Dell WMI hotkeys: device is a keyboard
[  1427.633] (II) event12 - Dell WMI hotkeys: device removed
[  1427.633] (**) Option "config_info" "udev:/sys/devices/platform/PNP0C14:02/wmi_bus/wmi_bus-PNP0C14:02/9DBB5994-A997-11DA-B012-B622A1EF5492/input/input37/event12"
[  1427.633] (II) XINPUT: Adding extended input device "Dell WMI hotkeys" (type: KEYBOARD, id 15)
[  1427.633] (II) event12 - Dell WMI hotkeys: is tagged by udev as: Keyboard
[  1427.633] (II) event12 - Dell WMI hotkeys: device is a keyboard
[  1427.634] (II) config/udev: Adding input device AT Translated Set 2 keyboard (/dev/input/event2)
[  1427.634] (**) AT Translated Set 2 keyboard: Applying InputClass "libinput keyboard catchall"
[  1427.634] (II) Using input driver 'libinput' for 'AT Translated Set 2 keyboard'
[  1427.635] (II) systemd-logind: got fd for /dev/input/event2 13:66 fd 37 paused 0
[  1427.635] (**) AT Translated Set 2 keyboard: always reports core events
[  1427.635] (**) Option "Device" "/dev/input/event2"
[  1427.635] (II) event2  - AT Translated Set 2 keyboard: is tagged by udev as: Keyboard
[  1427.635] (II) event2  - AT Translated Set 2 keyboard: device is a keyboard
[  1427.636] (II) event2  - AT Translated Set 2 keyboard: device removed
[  1427.636] (**) Option "config_info" "udev:/sys/devices/platform/i8042/serio0/input/input2/event2"
[  1427.636] (II) XINPUT: Adding extended input device "AT Translated Set 2 keyboard" (type: KEYBOARD, id 16)
[  1427.636] (II) event2  - AT Translated Set 2 keyboard: is tagged by udev as: Keyboard
[  1427.636] (II) event2  - AT Translated Set 2 keyboard: device is a keyboard
[  1427.638] (II) config/udev: Adding input device PS/2 Generic Mouse (/dev/input/event26)
[  1427.638] (**) PS/2 Generic Mouse: Applying InputClass "libinput pointer catchall"
[  1427.638] (II) Using input driver 'libinput' for 'PS/2 Generic Mouse'
[  1427.638] (II) systemd-logind: got fd for /dev/input/event26 13:90 fd 38 paused 0
[  1427.638] (**) PS/2 Generic Mouse: always reports core events
[  1427.638] (**) Option "Device" "/dev/input/event26"
[  1427.639] (II) event26 - PS/2 Generic Mouse: is tagged by udev as: Mouse
[  1427.639] (II) event26 - PS/2 Generic Mouse: device is a pointer
[  1427.639] (II) event26 - PS/2 Generic Mouse: device removed
[  1427.639] (**) Option "config_info" "udev:/sys/devices/platform/i8042/serio1/input/input31/event26"
[  1427.639] (II) XINPUT: Adding extended input device "PS/2 Generic Mouse" (type: MOUSE, id 17)
[  1427.639] (**) Option "AccelerationScheme" "none"
[  1427.639] (**) PS/2 Generic Mouse: (accel) selected scheme none/0
[  1427.639] (**) PS/2 Generic Mouse: (accel) acceleration factor: 2.000
[  1427.639] (**) PS/2 Generic Mouse: (accel) acceleration threshold: 4
[  1427.640] (II) event26 - PS/2 Generic Mouse: is tagged by udev as: Mouse
[  1427.640] (II) event26 - PS/2 Generic Mouse: device is a pointer
[  1427.640] (II) config/udev: Adding input device PS/2 Generic Mouse (/dev/input/mouse3)
[  1427.640] (II) No input driver specified, ignoring this device.
[  1427.640] (II) This device may have been added with another device file.
[  1427.640] (II) config/udev: Adding input device PC Speaker (/dev/input/event9)
[  1427.640] (II) No input driver specified, ignoring this device.
[  1427.640] (II) This device may have been added with another device file.
[  1429.538] (II) intel(0): EDID vendor "LGD", prod id 1522
[  1429.538] (II) intel(0): Printing DDC gathered Modelines:
[  1429.538] (II) intel(0): Modeline "1920x1080"x0.0  138.60  1920 1968 2000 2080  1080 1083 1088 1111 +hsync -vsync (66.6 kHz eP)
[  1429.538] (II) intel(0): Modeline "1920x1080"x0.0  110.88  1920 1968 2000 2080  1080 1083 1088 1111 +hsync -vsync (53.3 kHz e)
[  2151.388] (**) Option "fd" "25"
[  2151.388] (II) event5  - Video Bus: device removed
[  2151.388] (**) Option "fd" "28"
[  2151.388] (II) event1  - Power Button: device removed
[  2151.388] (**) Option "fd" "29"
[  2151.388] (II) event8  - USB OPTICAL MOUSE : device removed
[  2151.388] (**) Option "fd" "30"
[  2151.388] (II) event10 - Integrated_Webcam_HD: Integrate: device removed
[  2151.388] (**) Option "fd" "31"
[  2151.388] (II) event6  - DELL0AB0:00 27C6:0D43 Mouse: device removed
[  2151.388] (**) Option "fd" "32"
[  2151.388] (II) event7  - DELL0AB0:00 27C6:0D43 Touchpad: device removed
[  2151.388] (**) Option "fd" "33"
[  2151.388] (II) event3  - Intel HID events: device removed
[  2151.388] (**) Option "fd" "34"
[  2151.388] (II) event4  - Intel HID 5 button array: device removed
[  2151.388] (**) Option "fd" "35"
[  2151.388] (II) event11 - Dell Privacy Driver: device removed
[  2151.389] (**) Option "fd" "36"
[  2151.389] (II) event12 - Dell WMI hotkeys: device removed
[  2151.389] (**) Option "fd" "37"
[  2151.389] (II) event2  - AT Translated Set 2 keyboard: device removed
[  2151.389] (**) Option "fd" "38"
[  2151.389] (II) event26 - PS/2 Generic Mouse: device removed
[  2151.392] (II) UnloadModule: "libinput"
[  2151.393] (II) systemd-logind: releasing fd for 13:90
[  2151.415] (II) UnloadModule: "libinput"
[  2151.415] (II) systemd-logind: releasing fd for 13:66
[  2151.437] (II) UnloadModule: "libinput"
[  2151.437] (II) systemd-logind: releasing fd for 13:76
[  2151.497] (II) UnloadModule: "libinput"
[  2151.497] (II) systemd-logind: releasing fd for 13:75
[  2151.537] (II) UnloadModule: "libinput"
[  2151.538] (II) systemd-logind: releasing fd for 13:68
[  2151.557] (II) UnloadModule: "libinput"
[  2151.558] (II) systemd-logind: releasing fd for 13:67
[  2151.581] (II) UnloadModule: "libinput"
[  2151.581] (II) systemd-logind: releasing fd for 13:71
[  2151.617] (II) UnloadModule: "libinput"
[  2151.618] (II) systemd-logind: releasing fd for 13:70
[  2151.661] (II) UnloadModule: "libinput"
[  2151.661] (II) systemd-logind: releasing fd for 13:74
[  2151.701] (II) UnloadModule: "libinput"
[  2151.701] (II) systemd-logind: releasing fd for 13:72
[  2151.741] (II) UnloadModule: "libinput"
[  2151.741] (II) systemd-logind: releasing fd for 13:65
[  2151.765] (II) UnloadModule: "libinput"
[  2151.765] (II) systemd-logind: releasing fd for 13:69
[  2151.859] (II) Server terminated successfully (0). Closing log file.
